Determining if the pthread_create exist failed with the following output:
Change Dir: /home/adam/School/BIT2/IZG/build/CMakeFiles/CMakeTmp

Run Build Command:"/usr/bin/make" "cmTC_4fe8b/fast"
/usr/bin/make -f CMakeFiles/cmTC_4fe8b.dir/build.make CMakeFiles/cmTC_4fe8b.dir/build
make[1]: Vstupuje se do adresáře „/home/adam/School/BIT2/IZG/build/CMakeFiles/CMakeTmp“
Building C object CMakeFiles/cmTC_4fe8b.dir/CheckSymbolExists.c.o
/usr/bin/cc     -o CMakeFiles/cmTC_4fe8b.dir/CheckSymbolExists.c.o   -c /home/adam/School/BIT2/IZG/build/CMakeFiles/CMakeTmp/CheckSymbolExists.c
Linking C executable cmTC_4fe8b
/usr/bin/cmake -E cmake_link_script CMakeFiles/cmTC_4fe8b.dir/link.txt --verbose=1
/usr/bin/cc       CMakeFiles/cmTC_4fe8b.dir/CheckSymbolExists.c.o  -o cmTC_4fe8b -rdynamic 
CMakeFiles/cmTC_4fe8b.dir/CheckSymbolExists.c.o: In function `main':
CheckSymbolExists.c:(.text+0x16): undefined reference to `pthread_create'
collect2: error: ld returned 1 exit status
CMakeFiles/cmTC_4fe8b.dir/build.make:97: návod pro cíl „cmTC_4fe8b“ selhal
make[1]: *** [cmTC_4fe8b] Chyba 1
make[1]: Opouští se adresář „/home/adam/School/BIT2/IZG/build/CMakeFiles/CMakeTmp“
Makefile:126: návod pro cíl „cmTC_4fe8b/fast“ selhal
make: *** [cmTC_4fe8b/fast] Chyba 2

File /home/adam/School/BIT2/IZG/build/CMakeFiles/CMakeTmp/CheckSymbolExists.c:
/* */
#include <pthread.h>

int main(int argc, char** argv)
{
  (void)argv;
#ifndef pthread_create
  return ((int*)(&pthread_create))[argc];
#else
  (void)argc;
  return 0;
#endif
}

Determining if the function pthread_create exists in the pthreads failed with the following output:
Change Dir: /home/adam/School/BIT2/IZG/build/CMakeFiles/CMakeTmp

Run Build Command:"/usr/bin/make" "cmTC_fbf67/fast"
/usr/bin/make -f CMakeFiles/cmTC_fbf67.dir/build.make CMakeFiles/cmTC_fbf67.dir/build
make[1]: Vstupuje se do adresáře „/home/adam/School/BIT2/IZG/build/CMakeFiles/CMakeTmp“
Building C object CMakeFiles/cmTC_fbf67.dir/CheckFunctionExists.c.o
/usr/bin/cc    -DCHECK_FUNCTION_EXISTS=pthread_create   -o CMakeFiles/cmTC_fbf67.dir/CheckFunctionExists.c.o   -c /usr/share/cmake-3.5/Modules/CheckFunctionExists.c
Linking C executable cmTC_fbf67
/usr/bin/cmake -E cmake_link_script CMakeFiles/cmTC_fbf67.dir/link.txt --verbose=1
/usr/bin/cc   -DCHECK_FUNCTION_EXISTS=pthread_create    CMakeFiles/cmTC_fbf67.dir/CheckFunctionExists.c.o  -o cmTC_fbf67 -rdynamic -lpthreads 
/usr/bin/ld: cannot find -lpthreads
collect2: error: ld returned 1 exit status
CMakeFiles/cmTC_fbf67.dir/build.make:97: návod pro cíl „cmTC_fbf67“ selhal
make[1]: *** [cmTC_fbf67] Chyba 1
make[1]: Opouští se adresář „/home/adam/School/BIT2/IZG/build/CMakeFiles/CMakeTmp“
Makefile:126: návod pro cíl „cmTC_fbf67/fast“ selhal
make: *** [cmTC_fbf67/fast] Chyba 2


